#
# There is insufficient memory for the Java Runtime Environment to continue.
# Native memory allocation (malloc) failed to allocate 1603216 bytes for Chunk::new
# Possible reasons:
#   The system is out of physical RAM or swap space
#   The process is running with CompressedOops enabled, and the Java Heap may be blocking the growth of the native heap
# Possible solutions:
#   Reduce memory load on the system
#   Increase physical memory or swap space
#   Check if swap backing store is full
#   Decrease Java heap size (-Xmx/-Xms)
#   Decrease number of Java threads
#   Decrease Java thread stack sizes (-Xss)
#   Set larger code cache with -XX:ReservedCodeCacheSize=
#   JVM is running with Unscaled Compressed Oops mode in which the Java heap is
#     placed in the first 4GB address space. The Java Heap base address is the
#     maximum limit for the native heap growth. Please use -XX:HeapBaseMinAddress
#     to set the Java Heap base and to place the Java Heap above 4GB virtual address.
# This output file may be truncated or incomplete.
#
#  Out of Memory Error (./src/hotspot/share/memory/arena.cpp:197), pid=13276, tid=13012
#
# JRE version: OpenJDK Runtime Environment (11.0.10) (build 11.0.10+0-b96-7249189)
# Java VM: OpenJDK 64-Bit Server VM (11.0.10+0-b96-7249189, mixed mode, tiered, compressed oops, g1 gc, windows-amd64)
# No core dump will be written. Minidumps are not enabled by default on client versions of Windows
#

---------------  S U M M A R Y ------------

Command Line: --add-opens=java.base/java.util=ALL-UNNAMED --add-opens=java.base/java.lang=ALL-UNNAMED --add-opens=java.base/java.lang.invoke=ALL-UNNAMED --add-opens=java.base/java.util=ALL-UNNAMED --add-opens=java.prefs/java.util.prefs=ALL-UNNAMED --add-opens=java.prefs/java.util.prefs=ALL-UNNAMED --add-opens=java.base/java.nio.charset=ALL-UNNAMED --add-opens=java.base/java.net=ALL-UNNAMED --add-opens=java.base/java.util.concurrent.atomic=ALL-UNNAMED -Xmx2048m -Dfile.encoding=UTF-8 -Duser.country=RU -Duser.language=ru -Duser.variant org.gradle.launcher.daemon.bootstrap.GradleDaemon 7.0.2

Host: Intel(R) Core(TM) i3-6006U CPU @ 2.00GHz, 4 cores, 7G,  Windows 10 , 64 bit Build 19041 (10.0.19041.1202)
Time: Sat Oct 23 18:39:50 2021 Центральная Азия (зима) elapsed time: 38.312814 seconds (0d 0h 0m 38s)

---------------  T H R E A D  ---------------

Current thread (0x000002ad111d0800):  JavaThread "C2 CompilerThread0" daemon [_thread_in_native, id=13012, stack(0x000000cf90a00000,0x000000cf90b00000)]


Current CompileTask:
C2:  38313 9620   !   4       java.lang.reflect.Field::declaredAnnotations (82 bytes)

Stack: [0x000000cf90a00000,0x000000cf90b00000]
Native frames: (J=compiled Java code, j=interpreted, Vv=VM code, C=native code)
V  [jvm.dll+0x5ecfaa]
V  [jvm.dll+0x722bd5]
V  [jvm.dll+0x72412d]
V  [jvm.dll+0x7247e3]
V  [jvm.dll+0x242928]
V  [jvm.dll+0xbc4fc]
V  [jvm.dll+0xbca0c]
V  [jvm.dll+0x352d7d]
V  [jvm.dll+0x320ad3]
V  [jvm.dll+0x31ffca]
V  [jvm.dll+0x1fb602]
V  [jvm.dll+0x1fa7f4]
V  [jvm.dll+0x18354c]
V  [jvm.dll+0x208ee7]
V  [jvm.dll+0x207731]
V  [jvm.dll+0x6eb1cf]
V  [jvm.dll+0x6e3d45]
V  [USER32.dll+0x5ebe96]
C  [ucrtbase.dll+0x21bb2]
C  [KERNEL32.DLL+0x17034]
C  [ntdll.dll+0x52651]


---------------  P R O C E S S  ---------------

Threads class SMR info:
_java_thread_list=0x000002ad155db910, length=43, elements={
0x000002ad76e9c000, 0x000002ad111af800, 0x000002ad111b3000, 0x000002ad111ca800,
0x000002ad111cc800, 0x000002ad111cd800, 0x000002ad111d0800, 0x000002ad111d3000,
0x000002ad111fd800, 0x000002ad11ca5000, 0x000002ad12eb7000, 0x000002ad12d89800,
0x000002ad14501800, 0x000002ad1311b800, 0x000002ad14baf800, 0x000002ad12e87800,
0x000002ad14d2d800, 0x000002ad14654000, 0x000002ad1339f800, 0x000002ad11df9800,
0x000002ad11df8000, 0x000002ad11df7000, 0x000002ad11df9000, 0x000002ad11df6800,
0x000002ad11dfa800, 0x000002ad11df4800, 0x000002ad11dfb800, 0x000002ad11df5800,
0x000002ad12bd9000, 0x000002ad12bde800, 0x000002ad12bda000, 0x000002ad12bdd000,
0x000002ad12be0800, 0x000002ad12bda800, 0x000002ad12be1000, 0x000002ad12be2000,
0x000002ad12be3800, 0x000002ad12be3000, 0x000002ad12bde000, 0x000002ad12be4800,
0x000002ad12be6000, 0x000002ad12be7800, 0x000002ad12be7000
}

Java Threads: ( => current thread )
  0x000002ad76e9c000 JavaThread "main" [_thread_blocked, id=10808, stack(0x000000cf8fe00000,0x000000cf8ff00000)]
  0x000002ad111af800 JavaThread "Reference Handler" daemon [_thread_blocked, id=196, stack(0x000000cf90500000,0x000000cf90600000)]
  0x000002ad111b3000 JavaThread "Finalizer" daemon [_thread_blocked, id=9928, stack(0x000000cf90600000,0x000000cf90700000)]
  0x000002ad111ca800 JavaThread "Signal Dispatcher" daemon [_thread_blocked, id=15908, stack(0x000000cf90700000,0x000000cf90800000)]
  0x000002ad111cc800 JavaThread "Attach Listener" daemon [_thread_blocked, id=716, stack(0x000000cf90800000,0x000000cf90900000)]
  0x000002ad111cd800 JavaThread "Service Thread" daemon [_thread_blocked, id=6696, stack(0x000000cf90900000,0x000000cf90a00000)]
=>0x000002ad111d0800 JavaThread "C2 CompilerThread0" daemon [_thread_in_native, id=13012, stack(0x000000cf90a00000,0x000000cf90b00000)]
  0x000002ad111d3000 JavaThread "C1 CompilerThread0" daemon [_thread_blocked, id=17592, stack(0x000000cf90b00000,0x000000cf90c00000)]
  0x000002ad111fd800 JavaThread "Sweeper thread" daemon [_thread_blocked, id=9252, stack(0x000000cf90c00000,0x000000cf90d00000)]
  0x000002ad11ca5000 JavaThread "Common-Cleaner" daemon [_thread_blocked, id=3128, stack(0x000000cf90d00000,0x000000cf90e00000)]
  0x000002ad12eb7000 JavaThread "Daemon health stats" [_thread_blocked, id=17508, stack(0x000000cf91200000,0x000000cf91300000)]
  0x000002ad12d89800 JavaThread "Incoming local TCP Connector on port 59826" [_thread_in_native, id=2536, stack(0x000000cf90f00000,0x000000cf91000000)]
  0x000002ad14501800 JavaThread "Daemon periodic checks" [_thread_blocked, id=5700, stack(0x000000cf91300000,0x000000cf91400000)]
  0x000002ad1311b800 JavaThread "Daemon" [_thread_blocked, id=16912, stack(0x000000cf91400000,0x000000cf91500000)]
  0x000002ad14baf800 JavaThread "Handler for socket connection from /127.0.0.1:59826 to /127.0.0.1:59827" [_thread_in_native, id=13548, stack(0x000000cf91500000,0x000000cf91600000)]
  0x000002ad12e87800 JavaThread "Cancel handler" [_thread_blocked, id=1356, stack(0x000000cf91600000,0x000000cf91700000)]
  0x000002ad14d2d800 JavaThread "Daemon worker" [_thread_in_native, id=8228, stack(0x000000cf91700000,0x000000cf91800000)]
  0x000002ad14654000 JavaThread "Asynchronous log dispatcher for DefaultDaemonConnection: socket connection from /127.0.0.1:59826 to /127.0.0.1:59827" [_thread_blocked, id=10360, stack(0x000000cf91800000,0x000000cf91900000)]
  0x000002ad1339f800 JavaThread "Stdin handler" [_thread_blocked, id=15584, stack(0x000000cf91900000,0x000000cf91a00000)]
  0x000002ad11df9800 JavaThread "Daemon client event forwarder" [_thread_blocked, id=15320, stack(0x000000cf91a00000,0x000000cf91b00000)]
  0x000002ad11df8000 JavaThread "Cache worker for file hash cache (C:\Users\Admin\.gradle\caches\7.0.2\fileHashes)" [_thread_blocked, id=12028, stack(0x000000cf91c00000,0x000000cf91d00000)]
  0x000002ad11df7000 JavaThread "File lock request listener" [_thread_in_native, id=2268, stack(0x000000cf91d00000,0x000000cf91e00000)]
  0x000002ad11df9000 JavaThread "Cache worker for journal cache (C:\Users\Admin\.gradle\caches\journal-1)" [_thread_blocked, id=2928, stack(0x000000cf91e00000,0x000000cf91f00000)]
  0x000002ad11df6800 JavaThread "Cache worker for file hash cache (C:\Users\Admin\AndroidStudioProjects\yasnazper\.gradle\7.0.2\fileHashes)" [_thread_blocked, id=10908, stack(0x000000cf92000000,0x000000cf92100000)]
  0x000002ad11dfa800 JavaThread "File watcher server" daemon [_thread_in_native, id=8832, stack(0x000000cf92100000,0x000000cf92200000)]
  0x000002ad11df4800 JavaThread "File watcher consumer" daemon [_thread_blocked, id=17436, stack(0x000000cf92200000,0x000000cf92300000)]
  0x000002ad11dfb800 JavaThread "jar transforms" [_thread_blocked, id=13720, stack(0x000000cf92300000,0x000000cf92400000)]
  0x000002ad11df5800 JavaThread "jar transforms Thread 2" [_thread_blocked, id=12336, stack(0x000000cf91f00000,0x000000cf92000000)]
  0x000002ad12bd9000 JavaThread "jar transforms Thread 3" [_thread_blocked, id=7424, stack(0x000000cf92400000,0x000000cf92500000)]
  0x000002ad12bde800 JavaThread "jar transforms Thread 4" [_thread_blocked, id=12872, stack(0x000000cf92500000,0x000000cf92600000)]
  0x000002ad12bda000 JavaThread "Cache worker for checksums cache (C:\Users\Admin\AndroidStudioProjects\yasnazper\.gradle\checksums)" [_thread_blocked, id=4664, stack(0x000000cf92600000,0x000000cf92700000)]
  0x000002ad12bdd000 JavaThread "Cache worker for cache directory md-supplier (C:\Users\Admin\.gradle\caches\7.0.2\md-supplier)" [_thread_blocked, id=16816, stack(0x000000cf92700000,0x000000cf92800000)]
  0x000002ad12be0800 JavaThread "Cache worker for cache directory md-rule (C:\Users\Admin\.gradle\caches\7.0.2\md-rule)" [_thread_blocked, id=12796, stack(0x000000cf92900000,0x000000cf92a00000)]
  0x000002ad12bda800 JavaThread "Cache worker for execution history cache (C:\Users\Admin\.gradle\caches\7.0.2\executionHistory)" [_thread_blocked, id=17536, stack(0x000000cf92a00000,0x000000cf92b00000)]
  0x000002ad12be1000 JavaThread "Cache worker for file content cache (C:\Users\Admin\.gradle\caches\7.0.2\fileContent)" [_thread_blocked, id=15708, stack(0x000000cf92b00000,0x000000cf92c00000)]
  0x000002ad12be2000 JavaThread "Cache worker for dependencies-accessors (C:\Users\Admin\AndroidStudioProjects\yasnazper\.gradle\7.0.2\dependencies-accessors)" [_thread_blocked, id=12532, stack(0x000000cf92c00000,0x000000cf92d00000)]
  0x000002ad12be3800 JavaThread "Cache worker for Build Output Cleanup Cache (C:\Users\Admin\AndroidStudioProjects\yasnazper\.gradle\buildOutputCleanup)" [_thread_blocked, id=12472, stack(0x000000cf92d00000,0x000000cf92e00000)]
  0x000002ad12be3000 JavaThread "Build operations" [_thread_blocked, id=6920, stack(0x000000cf92e00000,0x000000cf92f00000)]
  0x000002ad12bde000 JavaThread "Build operations Thread 2" [_thread_blocked, id=12752, stack(0x000000cf92f00000,0x000000cf93000000)]
  0x000002ad12be4800 JavaThread "Build operations Thread 3" [_thread_blocked, id=18084, stack(0x000000cf93000000,0x000000cf93100000)]
  0x000002ad12be6000 JavaThread "Build operations Thread 4" [_thread_blocked, id=12312, stack(0x000000cf93100000,0x000000cf93200000)]
  0x000002ad12be7800 JavaThread "Memory manager" [_thread_blocked, id=11736, stack(0x000000cf93200000,0x000000cf93300000)]
  0x000002ad12be7000 JavaThread "pool-3-thread-1" [_thread_blocked, id=11480, stack(0x000000cf8fb00000,0x000000cf8fc00000)]

Other Threads:
  0x000002ad111ad000 VMThread "VM Thread" [stack: 0x000000cf90400000,0x000000cf90500000] [id=17272]
  0x000002ad11cfa800 WatcherThread [stack: 0x000000cf90e00000,0x000000cf90f00000] [id=13712]
  0x000002ad76eb4800 GCTaskThread "GC Thread#0" [stack: 0x000000cf8ff00000,0x000000cf90000000] [id=2848]
  0x000002ad124fd800 GCTaskThread "GC Thread#1" [stack: 0x000000cf91000000,0x000000cf91100000] [id=5152]
  0x000002ad12388800 GCTaskThread "GC Thread#2" [stack: 0x000000cf91100000,0x000000cf91200000] [id=14792]
  0x000002ad11e36000 GCTaskThread "GC Thread#3" [stack: 0x000000cf91b00000,0x000000cf91c00000] [id=17472]
  0x000002ad76ee6000 ConcurrentGCThread "G1 Main Marker" [stack: 0x000000cf90000000,0x000000cf90100000] [id=18000]
  0x000002ad76ee8000 ConcurrentGCThread "G1 Conc#0" [stack: 0x000000cf90100000,0x000000cf90200000] [id=9000]
  0x000002ad76f74800 ConcurrentGCThread "G1 Refine#0" [stack: 0x000000cf90200000,0x000000cf90300000] [id=17984]
  0x000002ad76f75800 ConcurrentGCThread "G1 Young RemSet Sampling" [stack: 0x000000cf90300000,0x000000cf90400000] [id=11112]

Threads with active compile tasks:
C2 CompilerThread0  38375 9620   !   4       java.lang.reflect.Field::declaredAnnotations (82 bytes)

VM state:not at safepoint (normal execution)

VM Mutex/Monitor currently owned by a thread: None

Heap address: 0x0000000080000000, size: 2048 MB, Compressed Oops mode: 32-bit
Narrow klass base: 0x0000000000000000, Narrow klass shift: 3
Compressed class space size: 1073741824 Address: 0x0000000100000000

Heap:
 garbage-first heap   total 157696K, used 116273K [0x0000000080000000, 0x0000000100000000)
  region size 1024K, 19 young (19456K), 3 survivors (3072K)
 Metaspace       used 93723K, capacity 96119K, committed 96460K, reserved 1132544K
  class space    used 11925K, capacity 12722K, committed 12824K, reserved 1048576K
Heap Regions: E=young(eden), S=young(survivor), O=old, HS=humongous(starts), HC=humongous(continues), CS=collection set, F=free, A=archive, TAMS=top-at-mark-start (previous, next)
|   0|0x0000000080000000, 0x0000000080100000, 0x0000000080100000|100%| O|  |TAMS 0x0000000080100000, 0x0000000080000000| Untracked 
|   1|0x0000000080100000, 0x0000000080200000, 0x0000000080200000|100%| O|  |TAMS 0x0000000080200000, 0x0000000080100000| Untracked 
|   2|0x0000000080200000, 0x0000000080300000, 0x0000000080300000|100%| O|  |TAMS 0x0000000080300000, 0x0000000080200000| Untracked 
|   3|0x0000000080300000, 0x0000000080400000, 0x0000000080400000|100%|HS|  |TAMS 0x0000000080400000, 0x0000000080300000| Complete 
|   4|0x0000000080400000, 0x0000000080500000, 0x0000000080500000|100%|HC|  |TAMS 0x0000000080500000, 0x0000000080400000| Complete 
|   5|0x0000000080500000, 0x0000000080600000, 0x0000000080600000|100%|HC|  |TAMS 0x0000000080600000, 0x0000000080500000| Complete 
|   6|0x0000000080600000, 0x0000000080700000, 0x0000000080700000|100%| O|  |TAMS 0x0000000080700000, 0x0000000080600000| Untracked 
|   7|0x0000000080700000, 0x0000000080800000, 0x0000000080800000|100%| O|  |TAMS 0x0000000080800000, 0x0000000080700000| Untracked 
|   8|0x0000000080800000, 0x0000000080900000, 0x0000000080900000|100%| O|  |TAMS 0x0000000080900000, 0x0000000080800000| Untracked 
|   9|0x0000000080900000, 0x0000000080a00000, 0x0000000080a00000|100%| O|  |TAMS 0x0000000080a00000, 0x0000000080900000| Untracked 
|  10|0x0000000080a00000, 0x0000000080b00000, 0x0000000080b00000|100%| O|  |TAMS 0x0000000080b00000, 0x0000000080a00000| Untracked 
|  11|0x0000000080b00000, 0x0000000080c00000, 0x0000000080c00000|100%| O|  |TAMS 0x0000000080c00000, 0x0000000080b00000| Untracked 
|  12|0x0000000080c00000, 0x0000000080d00000, 0x0000000080d00000|100%|HS|  |TAMS 0x0000000080d00000, 0x0000000080c00000| Complete 
|  13|0x0000000080d00000, 0x0000000080e00000, 0x0000000080e00000|100%|HC|  |TAMS 0x0000000080e00000, 0x0000000080d00000| Complete 
|  14|0x0000000080e00000, 0x0000000080f00000, 0x0000000080f00000|100%|HS|  |TAMS 0x0000000080f00000, 0x0000000080e00000| Complete 
|  15|0x0000000080f00000, 0x0000000081000000, 0x0000000081000000|100%|HC|  |TAMS 0x0000000081000000, 0x0000000080f00000| Complete 
|  16|0x0000000081000000, 0x0000000081100000, 0x0000000081100000|100%|HC|  |TAMS 0x0000000081100000, 0x0000000081000000| Complete 
|  17|0x0000000081100000, 0x0000000081200000, 0x0000000081200000|100%|HS|  |TAMS 0x0000000081200000, 0x0000000081100000| Complete 
|  18|0x0000000081200000, 0x0000000081300000, 0x0000000081300000|100%|HC|  |TAMS 0x0000000081300000, 0x0000000081200000| Complete 
|  19|0x0000000081300000, 0x0000000081400000, 0x0000000081400000|100%|HC|  |TAMS 0x0000000081400000, 0x0000000081300000| Complete 
|  20|0x0000000081400000, 0x0000000081500000, 0x0000000081500000|100%|HC|  |TAMS 0x0000000081500000, 0x0000000081400000| Complete 
|  21|0x0000000081500000, 0x0000000081600000, 0x0000000081600000|100%|HC|  |TAMS 0x0000000081600000, 0x0000000081500000| Complete 
|  22|0x0000000081600000, 0x0000000081700000, 0x0000000081700000|100%| O|  |TAMS 0x0000000081700000, 0x0000000081600000| Untracked 
|  23|0x0000000081700000, 0x0000000081800000, 0x0000000081800000|100%| O|  |TAMS 0x0000000081800000, 0x0000000081700000| Untracked 
|  24|0x0000000081800000, 0x0000000081900000, 0x0000000081900000|100%| O|  |TAMS 0x0000000081900000, 0x0000000081800000| Untracked 
|  25|0x0000000081900000, 0x0000000081a00000, 0x0000000081a00000|100%| O|  |TAMS 0x0000000081a00000, 0x0000000081900000| Untracked 
|  26|0x0000000081a00000, 0x0000000081b00000, 0x0000000081b00000|100%| O|  |TAMS 0x0000000081b00000, 0x0000000081a00000| Untracked 
|  27|0x0000000081b00000, 0x0000000081c00000, 0x0000000081c00000|100%| O|  |TAMS 0x0000000081c00000, 0x0000000081b00000| Untracked 
|  28|0x0000000081c00000, 0x0000000081d00000, 0x0000000081d00000|100%| O|  |TAMS 0x0000000081d00000, 0x0000000081c00000| Untracked 
|  29|0x0000000081d00000, 0x0000000081e00000, 0x0000000081e00000|100%| O|  |TAMS 0x0000000081e00000, 0x0000000081d00000| Untracked 
|  30|0x0000000081e00000, 0x0000000081f00000, 0x0000000081f00000|100%| O|  |TAMS 0x0000000081f00000, 0x0000000081e00000| Untracked 
|  31|0x0000000081f00000, 0x0000000082000000, 0x0000000082000000|100%|HS|  |TAMS 0x0000000082000000, 0x0000000081f00000| Complete 
|  32|0x0000000082000000, 0x0000000082100000, 0x0000000082100000|100%|HC|  |TAMS 0x0000000082100000, 0x0000000082000000| Complete 
|  33|0x0000000082100000, 0x0000000082200000, 0x0000000082200000|100%|HC|  |TAMS 0x0000000082200000, 0x0000000082100000| Complete 
|  34|0x0000000082200000, 0x0000000082300000, 0x0000000082300000|100%|HS|  |TAMS 0x0000000082300000, 0x0000000082200000| Complete 
|  35|0x0000000082300000, 0x0000000082400000, 0x0000000082400000|100%|HC|  |TAMS 0x0000000082400000, 0x0000000082300000| Complete 
|  36|0x0000000082400000, 0x0000000082500000, 0x0000000082500000|100%|HC|  |TAMS 0x0000000082500000, 0x0000000082400000| Complete 
|  37|0x0000000082500000, 0x0000000082600000, 0x0000000082600000|100%|HC|  |TAMS 0x0000000082600000, 0x0000000082500000| Complete 
|  38|0x0000000082600000, 0x0000000082700000, 0x0000000082700000|100%|HC|  |TAMS 0x0000000082700000, 0x0000000082600000| Complete 
|  39|0x0000000082700000, 0x0000000082800000, 0x0000000082800000|100%| O|  |TAMS 0x0000000082800000, 0x0000000082700000| Untracked 
|  40|0x0000000082800000, 0x0000000082900000, 0x0000000082900000|100%| O|  |TAMS 0x0000000082900000, 0x0000000082800000| Untracked 
|  41|0x0000000082900000, 0x0000000082a00000, 0x0000000082a00000|100%| O|  |TAMS 0x0000000082a00000, 0x0000000082900000| Untracked 
|  42|0x0000000082a00000, 0x0000000082b00000, 0x0000000082b00000|100%| O|  |TAMS 0x0000000082b00000, 0x0000000082a00000| Untracked 
|  43|0x0000000082b00000, 0x0000000082c00000, 0x0000000082c00000|100%| O|  |TAMS 0x0000000082c00000, 0x0000000082b00000| Untracked 
|  44|0x0000000082c00000, 0x0000000082d00000, 0x0000000082d00000|100%| O|  |TAMS 0x0000000082d00000, 0x0000000082c00000| Untracked 
|  45|0x0000000082d00000, 0x0000000082e00000, 0x0000000082e00000|100%| O|  |TAMS 0x0000000082e00000, 0x0000000082d00000| Untracked 
|  46|0x0000000082e00000, 0x0000000082f00000, 0x0000000082f00000|100%| O|  |TAMS 0x0000000082f00000, 0x0000000082e00000| Untracked 
|  47|0x0000000082f00000, 0x0000000083000000, 0x0000000083000000|100%| O|  |TAMS 0x0000000083000000, 0x0000000082f00000| Untracked 
|  48|0x0000000083000000, 0x0000000083100000, 0x0000000083100000|100%| O|  |TAMS 0x0000000083100000, 0x0000000083000000| Untracked 
|  49|0x0000000083100000, 0x0000000083200000, 0x0000000083200000|100%| O|  |TAMS 0x0000000083200000, 0x0000000083100000| Untracked 
|  50|0x0000000083200000, 0x0000000083300000, 0x0000000083300000|100%| O|  |TAMS 0x0000000083300000, 0x0000000083200000| Untracked 
|  51|0x0000000083300000, 0x0000000083400000, 0x0000000083400000|100%| O|  |TAMS 0x0000000083400000, 0x0000000083300000| Untracked 
|  52|0x0000000083400000, 0x0000000083500000, 0x0000000083500000|100%| O|  |TAMS 0x0000000083500000, 0x0000000083400000| Untracked 
|  53|0x0000000083500000, 0x0000000083600000, 0x0000000083600000|100%|HS|  |TAMS 0x0000000083600000, 0x0000000083500000| Complete 
|  54|0x0000000083600000, 0x0000000083700000, 0x0000000083700000|100%|HS|  |TAMS 0x0000000083700000, 0x0000000083600000| Complete 
|  55|0x0000000083700000, 0x0000000083800000, 0x0000000083800000|100%|HS|  |TAMS 0x0000000083800000, 0x0000000083700000| Complete 
|  56|0x0000000083800000, 0x0000000083900000, 0x0000000083900000|100%|HS|  |TAMS 0x0000000083900000, 0x0000000083800000| Complete 
|  57|0x0000000083900000, 0x0000000083a00000, 0x0000000083a00000|100%|HC|  |TAMS 0x0000000083a00000, 0x0000000083900000| Complete 
|  58|0x0000000083a00000, 0x0000000083b00000, 0x0000000083b00000|100%|HC|  |TAMS 0x0000000083b00000, 0x0000000083a00000| Complete 
|  59|0x0000000083b00000, 0x0000000083c00000, 0x0000000083c00000|100%|HS|  |TAMS 0x0000000083c00000, 0x0000000083b00000| Complete 
|  60|0x0000000083c00000, 0x0000000083d00000, 0x0000000083d00000|100%|HC|  |TAMS 0x0000000083d00000, 0x0000000083c00000| Complete 
|  61|0x0000000083d00000, 0x0000000083e00000, 0x0000000083e00000|100%| O|  |TAMS 0x0000000083e00000, 0x0000000083d00000| Untracked 
|  62|0x0000000083e00000, 0x0000000083f00000, 0x0000000083f00000|100%| O|  |TAMS 0x0000000083f00000, 0x0000000083e00000| Untracked 
|  63|0x0000000083f00000, 0x0000000084000000, 0x0000000084000000|100%| O|  |TAMS 0x0000000084000000, 0x0000000083f00000| Untracked 
|  64|0x0000000084000000, 0x0000000084100000, 0x0000000084100000|100%| O|  |TAMS 0x0000000084100000, 0x0000000084000000| Untracked 
|  65|0x0000000084100000, 0x0000000084200000, 0x0000000084200000|100%| O|  |TAMS 0x0000000084200000, 0x0000000084100000| Untracked 
|  66|0x0000000084200000, 0x0000000084300000, 0x0000000084300000|100%| O|  |TAMS 0x0000000084300000, 0x0000000084200000| Untracked 
|  67|0x0000000084300000, 0x0000000084400000, 0x0000000084400000|100%| O|  |TAMS 0x0000000084400000, 0x0000000084300000| Untracked 
|  68|0x0000000084400000, 0x0000000084500000, 0x0000000084500000|100%| O|  |TAMS 0x0000000084500000, 0x0000000084400000| Untracked 
|  69|0x0000000084500000, 0x0000000084600000, 0x0000000084600000|100%| O|  |TAMS 0x0000000084600000, 0x0000000084500000| Untracked 
|  70|0x0000000084600000, 0x0000000084700000, 0x0000000084700000|100%| O|  |TAMS 0x0000000084700000, 0x0000000084600000| Untracked 
|  71|0x0000000084700000, 0x0000000084800000, 0x0000000084800000|100%| O|  |TAMS 0x0000000084800000, 0x0000000084700000| Untracked 
|  72|0x0000000084800000, 0x0000000084900000, 0x0000000084900000|100%| O|  |TAMS 0x0000000084900000, 0x0000000084800000| Untracked 
|  73|0x0000000084900000, 0x0000000084a00000, 0x0000000084a00000|100%| O|  |TAMS 0x0000000084a00000, 0x0000000084900000| Untracked 
|  74|0x0000000084a00000, 0x0000000084b00000, 0x0000000084b00000|100%| O|  |TAMS 0x0000000084b00000, 0x0000000084a00000| Untracked 
|  75|0x0000000084b00000, 0x0000000084c00000, 0x0000000084c00000|100%| O|  |TAMS 0x0000000084c00000, 0x0000000084b00000| Untracked 
|  76|0x0000000084c00000, 0x0000000084d00000, 0x0000000084d00000|100%| O|  |TAMS 0x0000000084d00000, 0x0000000084c00000| Untracked 
|  77|0x0000000084d00000, 0x0000000084e00000, 0x0000000084e00000|100%| O|  |TAMS 0x0000000084e00000, 0x0000000084d00000| Untracked 
|  78|0x0000000084e00000, 0x0000000084f00000, 0x0000000084f00000|100%| O|  |TAMS 0x0000000084f00000, 0x0000000084e00000| Untracked 
|  79|0x0000000084f00000, 0x0000000085000000, 0x0000000085000000|100%| O|  |TAMS 0x0000000085000000, 0x0000000084f00000| Untracked 
|  80|0x0000000085000000, 0x0000000085100000, 0x0000000085100000|100%| O|  |TAMS 0x0000000085100000, 0x0000000085000000| Untracked 
|  81|0x0000000085100000, 0x0000000085200000, 0x0000000085200000|100%| O|  |TAMS 0x0000000085200000, 0x0000000085100000| Untracked 
|  82|0x0000000085200000, 0x0000000085300000, 0x0000000085300000|100%| O|  |TAMS 0x0000000085300000, 0x0000000085200000| Untracked 
|  83|0x0000000085300000, 0x0000000085400000, 0x0000000085400000|100%| O|  |TAMS 0x0000000085400000, 0x0000000085300000| Untracked 
|  84|0x0000000085400000, 0x0000000085500000, 0x0000000085500000|100%| O|  |TAMS 0x0000000085500000, 0x0000000085400000| Untracked 
|  85|0x0000000085500000, 0x0000000085600000, 0x0000000085600000|100%| O|  |TAMS 0x0000000085600000, 0x0000000085500000| Untracked 
|  86|0x0000000085600000, 0x0000000085700000, 0x0000000085700000|100%| O|  |TAMS 0x0000000085700000, 0x0000000085600000| Untracked 
|  87|0x0000000085700000, 0x0000000085800000, 0x0000000085800000|100%| O|  |TAMS 0x0000000085800000, 0x0000000085700000| Untracked 
|  88|0x0000000085800000, 0x0000000085900000, 0x0000000085900000|100%| O|  |TAMS 0x0000000085900000, 0x0000000085800000| Untracked 
|  89|0x0000000085900000, 0x0000000085a00000, 0x0000000085a00000|100%| O|  |TAMS 0x0000000085a00000, 0x0000000085900000| Untracked 
|  90|0x0000000085a00000, 0x0000000085b00000, 0x0000000085b00000|100%| O|  |TAMS 0x0000000085b00000, 0x0000000085a00000| Untracked 
|  91|0x0000000085b00000, 0x0000000085c00000, 0x0000000085c00000|100%| O|  |TAMS 0x0000000085c00000, 0x0000000085b00000| Untracked 
|  92|0x0000000085c00000, 0x0000000085d00000, 0x0000000085d00000|100%| O|  |TAMS 0x0000000085d00000, 0x0000000085c00000| Untracked 
|  93|0x0000000085d00000, 0x0000000085e00000, 0x0000000085e00000|100%| O|  |TAMS 0x0000000085d92600, 0x0000000085d00000| Untracked 
|  94|0x0000000085e00000, 0x0000000085e00000, 0x0000000085f00000|  0%| F|  |TAMS 0x0000000085e00000, 0x0000000085e00000| Untracked 
|  95|0x0000000085f00000, 0x0000000086000000, 0x0000000086000000|100%| O|  |TAMS 0x0000000085f00000, 0x0000000085f00000| Untracked 
|  96|0x0000000086000000, 0x00000000860f0c00, 0x0000000086100000| 94%| O|  |TAMS 0x0000000086000000, 0x0000000086000000| Untracked 
|  97|0x0000000086100000, 0x0000000086100000, 0x0000000086200000|  0%| F|  |TAMS 0x0000000086100000, 0x0000000086100000| Untracked 
|  98|0x0000000086200000, 0x0000000086200000, 0x0000000086300000|  0%| F|  |TAMS 0x0000000086200000, 0x0000000086200000| Untracked 
|  99|0x0000000086300000, 0x0000000086300000, 0x0000000086400000|  0%| F|  |TAMS 0x0000000086300000, 0x0000000086300000| Untracked 
| 100|0x0000000086400000, 0x0000000086400000, 0x0000000086500000|  0%| F|  |TAMS 0x0000000086400000, 0x0000000086400000| Untracked 
| 101|0x0000000086500000, 0x0000000086500000, 0x0000000086600000|  0%| F|  |TAMS 0x0000000086500000, 0x0000000086500000| Untracked 
| 102|0x0000000086600000, 0x0000000086600000, 0x0000000086700000|  0%| F|  |TAMS 0x0000000086600000, 0x0000000086600000| Untracked 
| 103|0x0000000086700000, 0x0000000086700000, 0x0000000086800000|  0%| F|  |TAMS 0x0000000086700000, 0x0000000086700000| Untracked 
| 104|0x0000000086800000, 0x0000000086800000, 0x0000000086900000|  0%| F|  |TAMS 0x0000000086800000, 0x0000000086800000| Untracked 
| 105|0x0000000086900000, 0x0000000086900000, 0x0000000086a00000|  0%| F|  |TAMS 0x0000000086900000, 0x0000000086900000| Untracked 
| 106|0x0000000086a00000, 0x0000000086a00000, 0x0000000086b00000|  0%| F|  |TAMS 0x0000000086a00000, 0x0000000086a00000| Untracked 
| 107|0x0000000086b00000, 0x0000000086b00000, 0x0000000086c00000|  0%| F|  |TAMS 0x0000000086b00000, 0x0000000086b00000| Untracked 
| 108|0x0000000086c00000, 0x0000000086c00000, 0x0000000086d00000|  0%| F|  |TAMS 0x0000000086c00000, 0x0000000086c00000| Untracked 
| 109|0x0000000086d00000, 0x0000000086d00000, 0x0000000086e00000|  0%| F|  |TAMS 0x0000000086d00000, 0x0000000086d00000| Untracked 
| 110|0x0000000086e00000, 0x0000000086e00000, 0x0000000086f00000|  0%| F|  |TAMS 0x0000000086e00000, 0x0000000086e00000| Untracked 
| 111|0x0000000086f00000, 0x0000000086f00000, 0x0000000087000000|  0%| F|  |TAMS 0x0000000086f00000, 0x0000000086f00000| Untracked 
| 112|0x0000000087000000, 0x0000000087000000, 0x0000000087100000|  0%| F|  |TAMS 0x0000000087000000, 0x0000000087000000| Untracked 
| 113|0x0000000087100000, 0x0000000087100000, 0x0000000087200000|  0%| F|  |TAMS 0x0000000087100000, 0x0000000087100000| Untracked 
| 114|0x0000000087200000, 0x0000000087200000, 0x0000000087300000|  0%| F|  |TAMS 0x0000000087200000, 0x0000000087200000| Untracked 
| 115|0x0000000087300000, 0x0000000087300000, 0x0000000087400000|  0%| F|  |TAMS 0x0000000087300000, 0x0000000087300000| Untracked 
| 116|0x0000000087400000, 0x0000000087400000, 0x0000000087500000|  0%| F|  |TAMS 0x0000000087400000, 0x0000000087400000| Untracked 
| 117|0x0000000087500000, 0x000000008759b940, 0x0000000087600000| 60%| S|CS|TAMS 0x0000000087500000, 0x0000000087500000| Complete 
| 118|0x0000000087600000, 0x0000000087700000, 0x0000000087700000|100%| S|CS|TAMS 0x0000000087600000, 0x0000000087600000| Complete 
| 119|0x0000000087700000, 0x0000000087800000, 0x0000000087800000|100%| S|CS|TAMS 0x0000000087700000, 0x0000000087700000| Complete 
| 120|0x0000000087800000, 0x0000000087800000, 0x0000000087900000|  0%| F|  |TAMS 0x0000000087800000, 0x0000000087800000| Untracked 
| 121|0x0000000087900000, 0x0000000087900000, 0x0000000087a00000|  0%| F|  |TAMS 0x0000000087900000, 0x0000000087900000| Untracked 
| 122|0x0000000087a00000, 0x0000000087a00000, 0x0000000087b00000|  0%| F|  |TAMS 0x0000000087a00000, 0x0000000087a00000| Untracked 
| 123|0x0000000087b00000, 0x0000000087b00000, 0x0000000087c00000|  0%| F|  |TAMS 0x0000000087b00000, 0x0000000087b00000| Untracked 
| 124|0x0000000087c00000, 0x0000000087c00000, 0x0000000087d00000|  0%| F|  |TAMS 0x0000000087c00000, 0x0000000087c00000| Untracked 
| 125|0x0000000087d00000, 0x0000000087d00000, 0x0000000087e00000|  0%| F|  |TAMS 0x0000000087d00000, 0x0000000087d00000| Untracked 
| 126|0x0000000087e00000, 0x0000000087e00000, 0x0000000087f00000|  0%| F|  |TAMS 0x0000000087e00000, 0x0000000087e00000| Untracked 
| 127|0x0000000087f00000, 0x0000000087f00000, 0x0000000088000000|  0%| F|  |TAMS 0x0000000087f00000, 0x0000000087f00000| Untracked 
| 128|0x0000000088000000, 0x0000000088000000, 0x0000000088100000|  0%| F|  |TAMS 0x0000000088000000, 0x0000000088000000| Untracked 
| 129|0x0000000088100000, 0x0000000088100000, 0x0000000088200000|  0%| F|  |TAMS 0x0000000088100000, 0x0000000088100000| Untracked 
| 130|0x0000000088200000, 0x0000000088200000, 0x0000000088300000|  0%| F|  |TAMS 0x0000000088200000, 0x0000000088200000| Untracked 
| 131|0x0000000088300000, 0x0000000088300000, 0x0000000088400000|  0%| F|  |TAMS 0x0000000088300000, 0x0000000088300000| Untracked 
| 132|0x0000000088400000, 0x0000000088400000, 0x0000000088500000|  0%| F|  |TAMS 0x0000000088400000, 0x0000000088400000| Untracked 
| 133|0x0000000088500000, 0x0000000088500000, 0x0000000088600000|  0%| F|  |TAMS 0x0000000088500000, 0x0000000088500000| Untracked 
| 134|0x0000000088600000, 0x0000000088600000, 0x0000000088700000|  0%| F|  |TAMS 0x0000000088600000, 0x0000000088600000| Untracked 
| 135|0x0000000088700000, 0x0000000088700000, 0x0000000088800000|  0%| F|  |TAMS 0x0000000088700000, 0x0000000088700000| Untracked 
| 136|0x0000000088800000, 0x0000000088800000, 0x0000000088900000|  0%| F|  |TAMS 0x0000000088800000, 0x0000000088800000| Untracked 
| 137|0x0000000088900000, 0x0000000088900000, 0x0000000088a00000|  0%| F|  |TAMS 0x0000000088900000, 0x0000000088900000| Untracked 
| 138|0x0000000088a00000, 0x0000000088a80800, 0x0000000088b00000| 50%| E|  |TAMS 0x0000000088a00000, 0x0000000088a00000| Complete 
| 139|0x0000000088b00000, 0x0000000088c00000, 0x0000000088c00000|100%| E|CS|TAMS 0x0000000088b00000, 0x0000000088b00000| Complete 
| 140|0x0000000088c00000, 0x0000000088d00000, 0x0000000088d00000|100%| E|CS|TAMS 0x0000000088c00000, 0x0000000088c00000| Complete 
| 141|0x0000000088d00000, 0x0000000088e00000, 0x0000000088e00000|100%| E|CS|TAMS 0x0000000088d00000, 0x0000000088d00000| Complete 
| 142|0x0000000088e00000, 0x0000000088f00000, 0x0000000088f00000|100%| E|CS|TAMS 0x0000000088e00000, 0x0000000088e00000| Complete 
| 143|0x0000000088f00000, 0x0000000089000000, 0x0000000089000000|100%| E|CS|TAMS 0x0000000088f00000, 0x0000000088f00000| Complete 
| 144|0x0000000089000000, 0x0000000089100000, 0x0000000089100000|100%| E|CS|TAMS 0x0000000089000000, 0x0000000089000000| Complete 
| 145|0x0000000089100000, 0x0000000089200000, 0x0000000089200000|100%| E|CS|TAMS 0x0000000089100000, 0x0000000089100000| Complete 
| 146|0x0000000089200000, 0x0000000089300000, 0x0000000089300000|100%| E|CS|TAMS 0x0000000089200000, 0x0000000089200000| Complete 
| 147|0x0000000089300000, 0x0000000089400000, 0x0000000089400000|100%| E|CS|TAMS 0x0000000089300000, 0x0000000089300000| Complete 
| 148|0x0000000089400000, 0x0000000089500000, 0x0000000089500000|100%| E|CS|TAMS 0x0000000089400000, 0x0000000089400000| Complete 
| 149|0x0000000089500000, 0x0000000089600000, 0x0000000089600000|100%| E|CS|TAMS 0x0000000089500000, 0x0000000089500000| Complete 
| 150|0x0000000089600000, 0x0000000089700000, 0x0000000089700000|100%| E|CS|TAMS 0x0000000089600000, 0x0000000089600000| Complete 
| 151|0x0000000089700000, 0x0000000089800000, 0x0000000089800000|100%| E|CS|TAMS 0x0000000089700000, 0x0000000089700000| Complete 
| 152|0x0000000089800000, 0x0000000089900000, 0x0000000089900000|100%| E|CS|TAMS 0x0000000089800000, 0x0000000089800000| Complete 
| 153|0x0000000089900000, 0x0000000089a00000, 0x0000000089a00000|100%| E|CS|TAMS 0x0000000089900000, 0x0000000089900000| Complete 

Card table byte_map: [0x000002ad7b3b0000,0x000002ad7b7b0000] _byte_map_base: 0x000002ad7afb0000

Marking Bits (Prev, Next): (CMBitMap*) 0x000002ad76edd110, (CMBitMap*) 0x000002ad76edd0d8
 Prev Bits: [0x000002ad7dbb0000, 0x000002ad7fbb0000)
 Next Bits: [0x000002ad7bbb0000, 0x000002ad7dbb0000)

Polling page: 0x000002ad753f0000

Metaspace:

Usage:
  Non-class:     81.44 MB capacity,    79.89 MB ( 98%) used,     1.32 MB (  2%) free+waste,   242.81 KB ( <1%) overhead. 
      Class:     12.42 MB capacity,    11.65 MB ( 94%) used,   684.94 KB (  5%) free+waste,   111.13 KB ( <1%) overhead. 
       Both:     93.87 MB capacity,    91.53 MB ( 98%) used,     1.99 MB (  2%) free+waste,   353.94 KB ( <1%) overhead. 

Virtual space:
  Non-class space:       82.00 MB reserved,      81.68 MB (>99%) committed 
      Class space:        1.00 GB reserved,      12.52 MB (  1%) committed 
             Both:        1.08 GB reserved,      94.20 MB (  9%) committed 

Chunk freelists:
   Non-Class:  47.00 KB
       Class:  14.00 KB
        Both:  61.00 KB

MaxMetaspaceSize: 17179869184.00 GB
CompressedClassSpaceSize: 1.00 GB

CodeHeap 'non-profiled nmethods': size=120064Kb used=6233Kb max_used=6233Kb free=113830Kb
 bounds [0x000002ad07ac0000, 0x000002ad080e0000, 0x000002ad0f000000]
CodeHeap 'profiled nmethods': size=120000Kb used=21310Kb max_used=21310Kb free=98689Kb
 bounds [0x000002ad00590000, 0x000002ad01a60000, 0x000002ad07ac0000]
CodeHeap 'non-nmethods': size=5696Kb used=2294Kb max_used=2349Kb free=3401Kb
 bounds [0x000002ad00000000, 0x000002ad00270000, 0x000002ad00590000]
 total_blobs=10594 nmethods=9693 adapters=811
 compilation: enabled
              stopped_count=0, restarted_count=0
 full_count=0

Compilation events (20 events):
Event: 38.240 Thread 0x000002ad111d3000 9746       3       sun.nio.fs.WindowsException::translateToIOException (109 bytes)
Event: 38.241 Thread 0x000002ad111d3000 nmethod 9746 0x000002ad01a54890 code [0x000002ad01a54b80, 0x000002ad01a55aa8]
Event: 38.241 Thread 0x000002ad111d3000 9747       3       java.nio.file.FileSystemException::<init> (16 bytes)
Event: 38.242 Thread 0x000002ad111d3000 nmethod 9747 0x000002ad01a55f90 code [0x000002ad01a56160, 0x000002ad01a56428]
Event: 38.242 Thread 0x000002ad111d3000 9748       3       sun.nio.fs.WindowsException::rethrowAsIOException (7 bytes)
Event: 38.242 Thread 0x000002ad111d3000 nmethod 9748 0x000002ad01a56590 code [0x000002ad01a56740, 0x000002ad01a56868]
Event: 38.282 Thread 0x000002ad111d3000 9749       3       java.lang.String::getBytes (12 bytes)
Event: 38.282 Thread 0x000002ad111d3000 nmethod 9749 0x000002ad01a56910 code [0x000002ad01a56ae0, 0x000002ad01a56ca8]
Event: 38.291 Thread 0x000002ad111d3000 9750       3       com.google.gson.internal.bind.TypeAdapters$32::create (20 bytes)
Event: 38.291 Thread 0x000002ad111d3000 nmethod 9750 0x000002ad01a56d90 code [0x000002ad01a56f40, 0x000002ad01a570d8]
Event: 38.291 Thread 0x000002ad111d3000 9751       1       com.google.gson.reflect.TypeToken::getType (5 bytes)
Event: 38.291 Thread 0x000002ad111d3000 nmethod 9751 0x000002ad080d5710 code [0x000002ad080d58c0, 0x000002ad080d5978]
Event: 38.292 Thread 0x000002ad111d3000 9754   !   3       sun.nio.ch.FileChannelImpl::read (266 bytes)
Event: 38.294 Thread 0x000002ad111d3000 nmethod 9754 0x000002ad01a57190 code [0x000002ad01a574a0, 0x000002ad01a58588]
Event: 38.294 Thread 0x000002ad111d3000 9755       3       sun.nio.ch.FileDispatcherImpl::read (8 bytes)
Event: 38.295 Thread 0x000002ad111d3000 nmethod 9755 0x000002ad01a58d90 code [0x000002ad01a58f40, 0x000002ad01a59068]
Event: 38.299 Thread 0x000002ad111d3000 9757       3       java.util.regex.Pattern$Begin::match (62 bytes)
Event: 38.300 Thread 0x000002ad111d3000 nmethod 9757 0x000002ad01a59110 code [0x000002ad01a592e0, 0x000002ad01a59608]
Event: 38.300 Thread 0x000002ad111d3000 9758       3       java.util.regex.Pattern$$Lambda$13/0x0000000100090040::is (13 bytes)
Event: 38.300 Thread 0x000002ad111d3000 nmethod 9758 0x000002ad01a59790 code [0x000002ad01a59960, 0x000002ad01a59bb8]

GC Heap History (20 events):
Event: 25.564 GC heap before
{Heap before GC invocations=15 (full 0):
 garbage-first heap   total 157696K, used 120228K [0x0000000080000000, 0x0000000100000000)
  region size 1024K, 59 young (60416K), 8 survivors (8192K)
 Metaspace       used 58379K, capacity 60123K, committed 60288K, reserved 1101824K
  class space    used 7482K, capacity 8075K, committed 8140K, reserved 1048576K
}
Event: 25.594 GC heap after
{Heap after GC invocations=16 (full 0):
 garbage-first heap   total 157696K, used 76317K [0x0000000080000000, 0x0000000100000000)
  region size 1024K, 9 young (9216K), 9 survivors (9216K)
 Metaspace       used 58379K, capacity 60123K, committed 60288K, reserved 1101824K
  class space    used 7482K, capacity 8075K, committed 8140K, reserved 1048576K
}
Event: 27.438 GC heap before
{Heap before GC invocations=17 (full 0):
 garbage-first heap   total 157696K, used 126493K [0x0000000080000000, 0x0000000100000000)
  region size 1024K, 58 young (59392K), 9 survivors (9216K)
 Metaspace       used 66221K, capacity 68085K, committed 68172K, reserved 1107968K
  class space    used 8416K, capacity 9083K, committed 9112K, reserved 1048576K
}
Event: 27.453 GC heap after
{Heap after GC invocations=18 (full 0):
 garbage-first heap   total 157696K, used 79351K [0x0000000080000000, 0x0000000100000000)
  region size 1024K, 3 young (3072K), 3 survivors (3072K)
 Metaspace       used 66221K, capacity 68085K, committed 68172K, reserved 1107968K
  class space    used 8416K, capacity 9083K, committed 9112K, reserved 1048576K
}
Event: 29.000 GC heap before
{Heap before GC invocations=18 (full 0):
 garbage-first heap   total 157696K, used 124407K [0x0000000080000000, 0x0000000100000000)
  region size 1024K, 49 young (50176K), 3 survivors (3072K)
 Metaspace       used 70901K, capacity 72874K, committed 73164K, reserved 1112064K
  class space    used 8987K, capacity 9692K, committed 9752K, reserved 1048576K
}
Event: 29.014 GC heap after
{Heap after GC invocations=19 (full 0):
 garbage-first heap   total 157696K, used 83415K [0x0000000080000000, 0x0000000100000000)
  region size 1024K, 7 young (7168K), 7 survivors (7168K)
 Metaspace       used 70901K, capacity 72874K, committed 73164K, reserved 1112064K
  class space    used 8987K, capacity 9692K, committed 9752K, reserved 1048576K
}
Event: 30.624 GC heap before
{Heap before GC invocations=20 (full 0):
 garbage-first heap   total 157696K, used 129495K [0x0000000080000000, 0x0000000100000000)
  region size 1024K, 51 young (52224K), 7 survivors (7168K)
 Metaspace       used 73956K, capacity 75802K, committed 76108K, reserved 1116160K
  class space    used 9363K, capacity 10020K, committed 10136K, reserved 1048576K
}
Event: 30.643 GC heap after
{Heap after GC invocations=21 (full 0):
 garbage-first heap   total 157696K, used 86766K [0x0000000080000000, 0x0000000100000000)
  region size 1024K, 4 young (4096K), 4 survivors (4096K)
 Metaspace       used 73956K, capacity 75802K, committed 76108K, reserved 1116160K
  class space    used 9363K, capacity 10020K, committed 10136K, reserved 1048576K
}
Event: 32.113 GC heap before
{Heap before GC invocations=21 (full 0):
 garbage-first heap   total 157696K, used 129774K [0x0000000080000000, 0x0000000100000000)
  region size 1024K, 46 young (47104K), 4 survivors (4096K)
 Metaspace       used 78112K, capacity 80005K, committed 80332K, reserved 1118208K
  class space    used 10019K, capacity 10676K, committed 10776K, reserved 1048576K
}
Event: 32.129 GC heap after
{Heap after GC invocations=22 (full 0):
 garbage-first heap   total 157696K, used 90003K [0x0000000080000000, 0x0000000100000000)
  region size 1024K, 4 young (4096K), 4 survivors (4096K)
 Metaspace       used 78112K, capacity 80005K, committed 80332K, reserved 1118208K
  class space    used 10019K, capacity 10676K, committed 10776K, reserved 1048576K
}
Event: 33.369 GC heap before
{Heap before GC invocations=23 (full 0):
 garbage-first heap   total 157696K, used 129939K [0x0000000080000000, 0x0000000100000000)
  region size 1024K, 43 young (44032K), 4 survivors (4096K)
 Metaspace       used 81281K, capacity 83282K, committed 83660K, reserved 1122304K
  class space    used 10473K, capacity 11163K, committed 11288K, reserved 1048576K
}
Event: 33.381 GC heap after
{Heap after GC invocations=24 (full 0):
 garbage-first heap   total 157696K, used 91465K [0x0000000080000000, 0x0000000100000000)
  region size 1024K, 5 young (5120K), 5 survivors (5120K)
 Metaspace       used 81281K, capacity 83282K, committed 83660K, reserved 1122304K
  class space    used 10473K, capacity 11163K, committed 11288K, reserved 1048576K
}
Event: 34.758 GC heap before
{Heap before GC invocations=24 (full 0):
 garbage-first heap   total 157696K, used 131401K [0x0000000080000000, 0x0000000100000000)
  region size 1024K, 44 young (45056K), 5 survivors (5120K)
 Metaspace       used 85378K, capacity 87587K, committed 87756K, reserved 1126400K
  class space    used 10919K, capacity 11668K, committed 11800K, reserved 1048576K
}
Event: 34.779 GC heap after
{Heap after GC invocations=25 (full 0):
 garbage-first heap   total 157696K, used 95901K [0x0000000080000000, 0x0000000100000000)
  region size 1024K, 6 young (6144K), 6 survivors (6144K)
 Metaspace       used 85378K, capacity 87587K, committed 87756K, reserved 1126400K
  class space    used 10919K, capacity 11668K, committed 11800K, reserved 1048576K
}
Event: 35.726 GC heap before
{Heap before GC invocations=26 (full 0):
 garbage-first heap   total 157696K, used 130717K [0x0000000080000000, 0x0000000100000000)
  region size 1024K, 40 young (40960K), 6 survivors (6144K)
 Metaspace       used 86628K, capacity 88774K, committed 88908K, reserved 1126400K
  class space    used 11083K, capacity 11865K, committed 11928K, reserved 1048576K
}
Event: 35.745 GC heap after
{Heap after GC invocations=27 (full 0):
 garbage-first heap   total 157696K, used 98688K [0x0000000080000000, 0x0000000100000000)
  region size 1024K, 3 young (3072K), 3 survivors (3072K)
 Metaspace       used 86628K, capacity 88774K, committed 88908K, reserved 1126400K
  class space    used 11083K, capacity 11865K, committed 11928K, reserved 1048576K
}
Event: 36.295 GC heap before
{Heap before GC invocations=27 (full 0):
 garbage-first heap   total 157696K, used 113024K [0x0000000080000000, 0x0000000100000000)
  region size 1024K, 19 young (19456K), 3 survivors (3072K)
 Metaspace       used 87935K, capacity 90180K, committed 90444K, reserved 1128448K
  class space    used 11238K, capacity 12035K, committed 12184K, reserved 1048576K
}
Event: 36.305 GC heap after
{Heap after GC invocations=28 (full 0):
 garbage-first heap   total 157696K, used 100383K [0x0000000080000000, 0x0000000100000000)
  region size 1024K, 5 young (5120K), 5 survivors (5120K)
 Metaspace       used 87935K, capacity 90180K, committed 90444K, reserved 1128448K
  class space    used 11238K, capacity 12035K, committed 12184K, reserved 1048576K
}
Event: 37.483 GC heap before
{Heap before GC invocations=29 (full 0):
 garbage-first heap   total 157696K, used 131103K [0x0000000080000000, 0x0000000100000000)
  region size 1024K, 34 young (34816K), 5 survivors (5120K)
 Metaspace       used 91752K, capacity 94075K, committed 94412K, reserved 1130496K
  class space    used 11710K, capacity 12470K, committed 12568K, reserved 1048576K
}
Event: 37.494 GC heap after
{Heap after GC invocations=30 (full 0):
 garbage-first heap   total 157696K, used 100913K [0x0000000080000000, 0x0000000100000000)
  region size 1024K, 3 young (3072K), 3 survivors (3072K)
 Metaspace       used 91752K, capacity 94075K, committed 94412K, reserved 1130496K
  class space    used 11710K, capacity 12470K, committed 12568K, reserved 1048576K
}

Deoptimization events (20 events):
Event: 37.756 Thread 0x000002ad14d2d800 Uncommon trap: trap_request=0xffffff4d fr.pc=0x000002ad07dd989c relative=0x000000000000007c
Event: 37.756 Thread 0x000002ad14d2d800 Uncommon trap: reason=unstable_if action=reinterpret pc=0x000002ad07dd989c method=java.util.Spliterator.getExactSizeIfKnown()J @ 9 c2
Event: 37.756 Thread 0x000002ad14d2d800 DEOPT PACKING pc=0x000002ad07dd989c sp=0x000000cf917f90a0
Event: 37.756 Thread 0x000002ad14d2d800 DEOPT UNPACKING pc=0x000002ad000278af sp=0x000000cf917f9038 mode 2
Event: 38.171 Thread 0x000002ad14d2d800 Uncommon trap: trap_request=0xffffffc6 fr.pc=0x000002ad07f4b2a0 relative=0x0000000000000d80
Event: 38.171 Thread 0x000002ad14d2d800 Uncommon trap: reason=bimorphic_or_optimized_type_check action=maybe_recompile pc=0x000002ad07f4b2a0 method=java.util.TreeMap.getEntryUsingComparator(Ljava/lang/Object;)Ljava/util/TreeMap$Entry; @ 29 c2
Event: 38.171 Thread 0x000002ad14d2d800 DEOPT PACKING pc=0x000002ad07f4b2a0 sp=0x000000cf917f91c0
Event: 38.171 Thread 0x000002ad14d2d800 DEOPT UNPACKING pc=0x000002ad000278af sp=0x000000cf917f90d0 mode 2
Event: 38.172 Thread 0x000002ad14d2d800 Uncommon trap: trap_request=0xffffffc6 fr.pc=0x000002ad07f4b2a0 relative=0x0000000000000d80
Event: 38.172 Thread 0x000002ad14d2d800 Uncommon trap: reason=bimorphic_or_optimized_type_check action=maybe_recompile pc=0x000002ad07f4b2a0 method=java.util.TreeMap.getEntryUsingComparator(Ljava/lang/Object;)Ljava/util/TreeMap$Entry; @ 29 c2
Event: 38.172 Thread 0x000002ad14d2d800 DEOPT PACKING pc=0x000002ad07f4b2a0 sp=0x000000cf917f91c0
Event: 38.172 Thread 0x000002ad14d2d800 DEOPT UNPACKING pc=0x000002ad000278af sp=0x000000cf917f90d0 mode 2
Event: 38.172 Thread 0x000002ad14d2d800 Uncommon trap: trap_request=0xffffffc6 fr.pc=0x000002ad07f4b2a0 relative=0x0000000000000d80
Event: 38.172 Thread 0x000002ad14d2d800 Uncommon trap: reason=bimorphic_or_optimized_type_check action=maybe_recompile pc=0x000002ad07f4b2a0 method=java.util.TreeMap.getEntryUsingComparator(Ljava/lang/Object;)Ljava/util/TreeMap$Entry; @ 29 c2
Event: 38.172 Thread 0x000002ad14d2d800 DEOPT PACKING pc=0x000002ad07f4b2a0 sp=0x000000cf917f91c0
Event: 38.172 Thread 0x000002ad14d2d800 DEOPT UNPACKING pc=0x000002ad000278af sp=0x000000cf917f90d0 mode 2
Event: 38.172 Thread 0x000002ad14d2d800 Uncommon trap: trap_request=0xffffffc6 fr.pc=0x000002ad07f4b2a0 relative=0x0000000000000d80
Event: 38.172 Thread 0x000002ad14d2d800 Uncommon trap: reason=bimorphic_or_optimized_type_check action=maybe_recompile pc=0x000002ad07f4b2a0 method=java.util.TreeMap.getEntryUsingComparator(Ljava/lang/Object;)Ljava/util/TreeMap$Entry; @ 29 c2
Event: 38.172 Thread 0x000002ad14d2d800 DEOPT PACKING pc=0x000002ad07f4b2a0 sp=0x000000cf917f91c0
Event: 38.172 Thread 0x000002ad14d2d800 DEOPT UNPACKING pc=0x000002ad000278af sp=0x000000cf917f90d0 mode 2

Classes redefined (0 events):
No events

Internal exceptions (20 events):
Event: 38.269 Thread 0x000002ad14d2d800 Exception <a 'sun/nio/fs/WindowsException'{0x0000000088cdef98}> (0x0000000088cdef98) thrown at [./src/hotspot/share/prims/jni.cpp, line 615]
Event: 38.269 Thread 0x000002ad14d2d800 Exception <a 'sun/nio/fs/WindowsException'{0x0000000088cdf0b0}> (0x0000000088cdf0b0) thrown at [./src/hotspot/share/prims/jni.cpp, line 615]
Event: 38.269 Thread 0x000002ad14d2d800 Exception <a 'sun/nio/fs/WindowsException'{0x0000000088ce19b8}> (0x0000000088ce19b8) thrown at [./src/hotspot/share/prims/jni.cpp, line 615]
Event: 38.269 Thread 0x000002ad14d2d800 Exception <a 'sun/nio/fs/WindowsException'{0x0000000088ce1a38}> (0x0000000088ce1a38) thrown at [./src/hotspot/share/prims/jni.cpp, line 615]
Event: 38.271 Thread 0x000002ad14d2d800 Exception <a 'sun/nio/fs/WindowsException'{0x0000000088ce66e0}> (0x0000000088ce66e0) thrown at [./src/hotspot/share/prims/jni.cpp, line 615]
Event: 38.271 Thread 0x000002ad14d2d800 Exception <a 'sun/nio/fs/WindowsException'{0x0000000088ce6800}> (0x0000000088ce6800) thrown at [./src/hotspot/share/prims/jni.cpp, line 615]
Event: 38.271 Thread 0x000002ad14d2d800 Exception <a 'sun/nio/fs/WindowsException'{0x0000000088ce9130}> (0x0000000088ce9130) thrown at [./src/hotspot/share/prims/jni.cpp, line 615]
Event: 38.272 Thread 0x000002ad14d2d800 Exception <a 'sun/nio/fs/WindowsException'{0x0000000088ce91b0}> (0x0000000088ce91b0) thrown at [./src/hotspot/share/prims/jni.cpp, line 615]
Event: 38.273 Thread 0x000002ad14d2d800 Exception <a 'sun/nio/fs/WindowsException'{0x0000000088cedfc0}> (0x0000000088cedfc0) thrown at [./src/hotspot/share/prims/jni.cpp, line 615]
Event: 38.273 Thread 0x000002ad14d2d800 Exception <a 'sun/nio/fs/WindowsException'{0x0000000088cee0e8}> (0x0000000088cee0e8) thrown at [./src/hotspot/share/prims/jni.cpp, line 615]
Event: 38.273 Thread 0x000002ad14d2d800 Exception <a 'sun/nio/fs/WindowsException'{0x0000000088cf0a20}> (0x0000000088cf0a20) thrown at [./src/hotspot/share/prims/jni.cpp, line 615]
Event: 38.274 Thread 0x000002ad14d2d800 Exception <a 'sun/nio/fs/WindowsException'{0x0000000088cf0aa0}> (0x0000000088cf0aa0) thrown at [./src/hotspot/share/prims/jni.cpp, line 615]
Event: 38.275 Thread 0x000002ad14d2d800 Exception <a 'sun/nio/fs/WindowsException'{0x0000000088cf5880}> (0x0000000088cf5880) thrown at [./src/hotspot/share/prims/jni.cpp, line 615]
Event: 38.275 Thread 0x000002ad14d2d800 Exception <a 'sun/nio/fs/WindowsException'{0x0000000088cf5998}> (0x0000000088cf5998) thrown at [./src/hotspot/share/prims/jni.cpp, line 615]
Event: 38.275 Thread 0x000002ad14d2d800 Exception <a 'sun/nio/fs/WindowsException'{0x0000000088cf82b0}> (0x0000000088cf82b0) thrown at [./src/hotspot/share/prims/jni.cpp, line 615]
Event: 38.275 Thread 0x000002ad14d2d800 Exception <a 'sun/nio/fs/WindowsException'{0x0000000088cf8330}> (0x0000000088cf8330) thrown at [./src/hotspot/share/prims/jni.cpp, line 615]
Event: 38.276 Thread 0x000002ad14d2d800 Exception <a 'sun/nio/fs/WindowsException'{0x0000000088cfc3b8}> (0x0000000088cfc3b8) thrown at [./src/hotspot/share/prims/jni.cpp, line 615]
Event: 38.276 Thread 0x000002ad14d2d800 Exception <a 'sun/nio/fs/WindowsException'{0x0000000088cfc438}> (0x0000000088cfc438) thrown at [./src/hotspot/share/prims/jni.cpp, line 615]
Event: 38.277 Thread 0x000002ad14d2d800 Exception <a 'sun/nio/fs/WindowsException'{0x0000000088cfed40}> (0x0000000088cfed40) thrown at [./src/hotspot/share/prims/jni.cpp, line 615]
Event: 38.277 Thread 0x000002ad14d2d800 Exception <a 'sun/nio/fs/WindowsException'{0x0000000088cfedc0}> (0x0000000088cfedc0) thrown at [./src/hotspot/share/prims/jni.cpp, line 615]

Events (20 events):
Event: 38.173 loading class com/android/repository/api/RepoManager$RepoLoadedListener done
Event: 38.282 Thread 0x000002ad18e6d800 Thread exited: 0x000002ad18e6d800
Event: 38.285 loading class com/android/builder/sdk/SdkInfo
Event: 38.285 loading class com/android/builder/sdk/SdkInfo done
Event: 38.286 loading class com/android/sdklib/repository/targets/AndroidTargetManager
Event: 38.286 loading class com/android/sdklib/repository/targets/AndroidTargetManager done
Event: 38.288 loading class com/android/repository/api/LocalPackage
Event: 38.288 loading class com/android/repository/api/LocalPackage done
Event: 38.288 loading class com/android/repository/api/LocalPackage
Event: 38.288 loading class com/android/repository/api/LocalPackage done
Event: 38.289 loading class com/android/repository/api/LocalPackage
Event: 38.289 loading class com/android/repository/api/LocalPackage done
Event: 38.289 loading class com/android/repository/api/LocalPackage
Event: 38.289 loading class com/android/repository/api/LocalPackage done
Event: 38.296 loading class com/android/sdklib/internal/project/ProjectProperties
Event: 38.296 loading class com/android/sdklib/internal/project/ProjectProperties done
Event: 38.297 loading class com/android/io/StreamException
Event: 38.297 loading class com/android/io/StreamException done
Event: 38.300 loading class com/google/common/io/Closeables
Event: 38.300 loading class com/google/common/io/Closeables done


Dynamic libraries:
0x00007ff75dae0000 - 0x00007ff75daea000 	C:\Program Files\Android\Android Studio11\jre\bin\java.exe
0x00007ffa56650000 - 0x00007ffa56845000 	C:\WINDOWS\SYSTEM32\ntdll.dll
0x00007ffa54d60000 - 0x00007ffa54e1e000 	C:\WINDOWS\System32\KERNEL32.DLL
0x00007ffa53de0000 - 0x00007ffa540a9000 	C:\WINDOWS\System32\KERNELBASE.dll
0x00007ffa54240000 - 0x00007ffa54340000 	C:\WINDOWS\System32\ucrtbase.dll
0x00007ffa38960000 - 0x00007ffa38979000 	C:\Program Files\Android\Android Studio11\jre\bin\jli.dll
0x00007ffa55760000 - 0x00007ffa55901000 	C:\WINDOWS\System32\USER32.dll
0x00007ffa54590000 - 0x00007ffa545b2000 	C:\WINDOWS\System32\win32u.dll
0x00007ffa54670000 - 0x00007ffa5469b000 	C:\WINDOWS\System32\GDI32.dll
0x00007ffa54340000 - 0x00007ffa5444b000 	C:\WINDOWS\System32\gdi32full.dll
0x00007ffa53d40000 - 0x00007ffa53ddd000 	C:\WINDOWS\System32\msvcp_win.dll
0x00007ffa4e2c0000 - 0x00007ffa4e55a000 	C:\WINDOWS\WinSxS\amd64_microsoft.windows.common-controls_6595b64144ccf1df_6.0.19041.1110_none_60b5254171f9507e\COMCTL32.dll
0x00007ffa54750000 - 0x00007ffa547ee000 	C:\WINDOWS\System32\msvcrt.dll
0x00007ffa388f0000 - 0x00007ffa38907000 	C:\Program Files\Android\Android Studio11\jre\bin\VCRUNTIME140.dll
0x00007ffa55730000 - 0x00007ffa55760000 	C:\WINDOWS\System32\IMM32.DLL
0x00007ffa37610000 - 0x00007ffa376ad000 	C:\Program Files\Android\Android Studio11\jre\bin\msvcp140.dll
0x00007ff9e6890000 - 0x00007ff9e735f000 	C:\Program Files\Android\Android Studio11\jre\bin\server\jvm.dll
0x00007ffa54f80000 - 0x00007ffa5502c000 	C:\WINDOWS\System32\ADVAPI32.dll
0x00007ffa56410000 - 0x00007ffa564ab000 	C:\WINDOWS\System32\sechost.dll
0x00007ffa555f0000 - 0x00007ffa5571a000 	C:\WINDOWS\System32\RPCRT4.dll
0x00007ffa55720000 - 0x00007ffa55728000 	C:\WINDOWS\System32\PSAPI.DLL
0x00007ffa506b0000 - 0x00007ffa506b9000 	C:\WINDOWS\SYSTEM32\WSOCK32.dll
0x00007ffa55030000 - 0x00007ffa5509b000 	C:\WINDOWS\System32\WS2_32.dll
0x00007ffa51260000 - 0x00007ffa51287000 	C:\WINDOWS\SYSTEM32\WINMM.dll
0x00007ffa4c460000 - 0x00007ffa4c46a000 	C:\WINDOWS\SYSTEM32\VERSION.dll
0x00007ffa51c40000 - 0x00007ffa51c52000 	C:\WINDOWS\SYSTEM32\kernel.appcore.dll
0x00007ffa4c010000 - 0x00007ffa4c021000 	C:\Program Files\Android\Android Studio11\jre\bin\verify.dll
0x00007ffa4d170000 - 0x00007ffa4d354000 	C:\WINDOWS\SYSTEM32\DBGHELP.DLL
0x00007ffa4c910000 - 0x00007ffa4c93c000 	C:\WINDOWS\SYSTEM32\dbgcore.DLL
0x00007ffa54450000 - 0x00007ffa544d3000 	C:\WINDOWS\System32\bcryptPrimitives.dll
0x00007ffa3c980000 - 0x00007ffa3c9a9000 	C:\Program Files\Android\Android Studio11\jre\bin\java.dll
0x00007ffa4ec80000 - 0x00007ffa4ec8b000 	C:\Program Files\Android\Android Studio11\jre\bin\jimage.dll
0x00007ffa48df0000 - 0x00007ffa48e08000 	C:\Program Files\Android\Android Studio11\jre\bin\zip.dll
0x00007ffa55c00000 - 0x00007ffa5633f000 	C:\WINDOWS\System32\SHELL32.dll
0x00007ffa51e40000 - 0x00007ffa525d0000 	C:\WINDOWS\SYSTEM32\windows.storage.dll
0x00007ffa54850000 - 0x00007ffa54ba5000 	C:\WINDOWS\System32\combase.dll
0x00007ffa536c0000 - 0x00007ffa536ec000 	C:\WINDOWS\SYSTEM32\Wldp.dll
0x00007ffa54bc0000 - 0x00007ffa54c6d000 	C:\WINDOWS\System32\SHCORE.dll
0x00007ffa55530000 - 0x00007ffa55585000 	C:\WINDOWS\System32\shlwapi.dll
0x00007ffa53c80000 - 0x00007ffa53c9f000 	C:\WINDOWS\SYSTEM32\profapi.dll
0x00007ffa40b00000 - 0x00007ffa40b1a000 	C:\Program Files\Android\Android Studio11\jre\bin\net.dll
0x00007ffa4aa60000 - 0x00007ffa4ab68000 	C:\WINDOWS\SYSTEM32\WINHTTP.dll
0x00007ffa53420000 - 0x00007ffa5348a000 	C:\WINDOWS\system32\mswsock.dll
0x00007ffa3c7d0000 - 0x00007ffa3c7e4000 	C:\Program Files\Android\Android Studio11\jre\bin\nio.dll
0x00007ffa38a00000 - 0x00007ffa38a27000 	C:\Users\Admin\.gradle\native\8bec1ad78214c89d9ad589b4d07fe93259594b29d510b10fafb7a158f7737e5d\windows-amd64\native-platform.dll
0x00007ffa16310000 - 0x00007ffa1644d000 	C:\Users\Admin\.gradle\native\53dbd7edfb1c66fb8903c78663c9afc45aea4f116125fa6feffd364cf09443e8\windows-amd64\native-platform-file-events.dll
0x00007ffa4df50000 - 0x00007ffa4df5a000 	C:\Program Files\Android\Android Studio11\jre\bin\management.dll
0x00007ffa4d5c0000 - 0x00007ffa4d5cc000 	C:\Program Files\Android\Android Studio11\jre\bin\management_ext.dll
0x00007ffa53610000 - 0x00007ffa53628000 	C:\WINDOWS\SYSTEM32\CRYPTSP.dll
0x00007ffa52da0000 - 0x00007ffa52dd4000 	C:\WINDOWS\system32\rsaenh.dll
0x00007ffa54210000 - 0x00007ffa54237000 	C:\WINDOWS\System32\bcrypt.dll
0x00007ffa53c00000 - 0x00007ffa53c2e000 	C:\WINDOWS\SYSTEM32\USERENV.dll
0x00007ffa53630000 - 0x00007ffa5363c000 	C:\WINDOWS\SYSTEM32\CRYPTBASE.dll
0x00007ffa53110000 - 0x00007ffa5314b000 	C:\WINDOWS\SYSTEM32\IPHLPAPI.DLL
0x00007ffa54bb0000 - 0x00007ffa54bb8000 	C:\WINDOWS\System32\NSI.dll
0x00007ffa4c510000 - 0x00007ffa4c527000 	C:\WINDOWS\SYSTEM32\dhcpcsvc6.DLL
0x00007ffa4d360000 - 0x00007ffa4d37d000 	C:\WINDOWS\SYSTEM32\dhcpcsvc.DLL
0x00007ffa53150000 - 0x00007ffa5321c000 	C:\WINDOWS\SYSTEM32\DNSAPI.dll

dbghelp: loaded successfully - version: 4.0.5 - missing functions: none
symbol engine: initialized successfully - sym options: 0x614 - pdb path: .;C:\Program Files\Android\Android Studio11\jre\bin;C:\WINDOWS\SYSTEM32;C:\WINDOWS\WinSxS\amd64_microsoft.windows.common-controls_6595b64144ccf1df_6.0.19041.1110_none_60b5254171f9507e;C:\Program Files\Android\Android Studio11\jre\bin\server;C:\Users\Admin\.gradle\native\8bec1ad78214c89d9ad589b4d07fe93259594b29d510b10fafb7a158f7737e5d\windows-amd64;C:\Users\Admin\.gradle\native\53dbd7edfb1c66fb8903c78663c9afc45aea4f116125fa6feffd364cf09443e8\windows-amd64

VM Arguments:
jvm_args: --add-opens=java.base/java.util=ALL-UNNAMED --add-opens=java.base/java.lang=ALL-UNNAMED --add-opens=java.base/java.lang.invoke=ALL-UNNAMED --add-opens=java.base/java.util=ALL-UNNAMED --add-opens=java.prefs/java.util.prefs=ALL-UNNAMED --add-opens=java.prefs/java.util.prefs=ALL-UNNAMED --add-opens=java.base/java.nio.charset=ALL-UNNAMED --add-opens=java.base/java.net=ALL-UNNAMED --add-opens=java.base/java.util.concurrent.atomic=ALL-UNNAMED -Xmx2048m -Dfile.encoding=UTF-8 -Duser.country=RU -Duser.language=ru -Duser.variant 
java_command: org.gradle.launcher.daemon.bootstrap.GradleDaemon 7.0.2
java_class_path (initial): C:\Users\Admin\.gradle\wrapper\dists\gradle-7.0.2-bin\857tjihv64xamwrf0h14cai3r\gradle-7.0.2\lib\gradle-launcher-7.0.2.jar
Launcher Type: SUN_STANDARD

[Global flags]
     intx CICompilerCount                          = 3                                         {product} {ergonomic}
     uint ConcGCThreads                            = 1                                         {product} {ergonomic}
     uint G1ConcRefinementThreads                  = 4                                         {product} {ergonomic}
   size_t G1HeapRegionSize                         = 1048576                                   {product} {ergonomic}
    uintx GCDrainStackTargetSize                   = 64                                        {product} {ergonomic}
   size_t InitialHeapSize                          = 134217728                                 {product} {ergonomic}
   size_t MarkStackSize                            = 4194304                                   {product} {ergonomic}
   size_t MaxHeapSize                              = 2147483648                                {product} {command line}
   size_t MaxNewSize                               = 1287651328                                {product} {ergonomic}
   size_t MinHeapDeltaBytes                        = 1048576                                   {product} {ergonomic}
    uintx NonNMethodCodeHeapSize                   = 5830732                                {pd product} {ergonomic}
    uintx NonProfiledCodeHeapSize                  = 122913754                              {pd product} {ergonomic}
    uintx ProfiledCodeHeapSize                     = 122913754                              {pd product} {ergonomic}
    uintx ReservedCodeCacheSize                    = 251658240                              {pd product} {ergonomic}
     bool SegmentedCodeCache                       = true                                      {product} {ergonomic}
     bool UseCompressedClassPointers               = true                                 {lp64_product} {ergonomic}
     bool UseCompressedOops                        = true                                 {lp64_product} {ergonomic}
     bool UseG1GC                                  = true                                      {product} {ergonomic}
     bool UseLargePagesIndividualAllocation        = false                                  {pd product} {ergonomic}

Logging:
Log output configuration:
 #0: stdout all=warning uptime,level,tags
 #1: stderr all=off uptime,level,tags

Environment Variables:
PATH=C:\ProgramData\Oracle\Java\javapath;C:\WINDOWS\system32;C:\WINDOWS;C:\WINDOWS\System32\Wbem;C:\WINDOWS\System32\WindowsPowerShell\v1.0\;C:\WINDOWS\System32\OpenSSH\;C:\Program Files\Common Files\Autodesk Shared\;C:\Program Files\Microsoft SQL Server\120\Tools\Binn\;C:\Users\Admin\AppData\Local\Microsoft\WindowsApps;
USERNAME=Admin
OS=Windows_NT
PROCESSOR_IDENTIFIER=Intel64 Family 6 Model 78 Stepping 3, GenuineIntel



---------------  S Y S T E M  ---------------

OS: Windows 10 , 64 bit Build 19041 (10.0.19041.1202)
OS uptime: 3 days 17:32 hours

CPU:total 4 (initial active 4) (2 cores per cpu, 2 threads per core) family 6 model 78 stepping 3 microcode 0xcc, cmov, cx8, fxsr, mmx, sse, sse2, sse3, ssse3, sse4.1, sse4.2, popcnt, avx, avx2, aes, clmul, erms, 3dnowpref, lzcnt, ht, tsc, tscinvbit, bmi1, bmi2, adx, fma

Memory: 4k page, system-wide physical 8066M (996M free)
TotalPageFile size 10882M (AvailPageFile size 6M)
current process WorkingSet (physical memory assigned to process): 415M, peak: 415M
current process commit charge ("private bytes"): 446M, peak: 447M

vm_info: OpenJDK 64-Bit Server VM (11.0.10+0-b96-7249189) for windows-amd64 JRE (11.0.10+0-b96-7249189), built on Mar 31 2021 21:44:00 by "builder" with MS VC++ 14.0 (VS2015)

END.
